[0.752s] Invoking command in '/home/student/AdR/mi_ws/src/dron_misil': PYTHONPATH=/home/student/AdR/mi_ws/src/dron_misil/build/dron_misil/prefix_override:/usr/lib/python3/dist-packages/colcon_core/task/python/colcon_distutils_commands:/home/student/AdR/mi_ws/src/dron_misil/install/dron_misil/lib/python3.10/site-packages:${PYTHONPATH} /usr/bin/python3 -W ignore:setup.py install is deprecated -W ignore:easy_install command is deprecated setup.py egg_info --egg-base build/dron_misil build --build-base /home/student/AdR/mi_ws/src/dron_misil/build/dron_misil/build install --record /home/student/AdR/mi_ws/src/dron_misil/build/dron_misil/install.log --single-version-externally-managed install_data
[0.996s] running egg_info
[0.997s] writing build/dron_misil/dron_misil.egg-info/PKG-INFO
[0.997s] writing dependency_links to build/dron_misil/dron_misil.egg-info/dependency_links.txt
[0.997s] writing entry points to build/dron_misil/dron_misil.egg-info/entry_points.txt
[0.998s] writing requirements to build/dron_misil/dron_misil.egg-info/requires.txt
[0.998s] writing top-level names to build/dron_misil/dron_misil.egg-info/top_level.txt
[1.000s] reading manifest file 'build/dron_misil/dron_misil.egg-info/SOURCES.txt'
[1.001s] writing manifest file 'build/dron_misil/dron_misil.egg-info/SOURCES.txt'
[1.001s] running build
[1.001s] running build_py
[1.001s] running install
[1.002s] running install_lib
[1.003s] running install_data
[1.004s] copying launch/dron_misil_launch.py -> /home/student/AdR/mi_ws/src/dron_misil/install/dron_misil/share/dron_misil/launch
[1.004s] running install_egg_info
[1.006s] removing '/home/student/AdR/mi_ws/src/dron_misil/install/dron_misil/lib/python3.10/site-packages/dron_misil-0.0.0-py3.10.egg-info' (and everything under it)
[1.007s] Copying build/dron_misil/dron_misil.egg-info to /home/student/AdR/mi_ws/src/dron_misil/install/dron_misil/lib/python3.10/site-packages/dron_misil-0.0.0-py3.10.egg-info
[1.008s] running install_scripts
[1.035s] Installing entorno script to /home/student/AdR/mi_ws/src/dron_misil/install/dron_misil/lib/dron_misil
[1.035s] Installing modelo_dron script to /home/student/AdR/mi_ws/src/dron_misil/install/dron_misil/lib/dron_misil
[1.036s] Installing modelo_misil script to /home/student/AdR/mi_ws/src/dron_misil/install/dron_misil/lib/dron_misil
[1.036s] writing list of installed files to '/home/student/AdR/mi_ws/src/dron_misil/build/dron_misil/install.log'
[1.064s] Invoked command in '/home/student/AdR/mi_ws/src/dron_misil' returned '0': PYTHONPATH=/home/student/AdR/mi_ws/src/dron_misil/build/dron_misil/prefix_override:/usr/lib/python3/dist-packages/colcon_core/task/python/colcon_distutils_commands:/home/student/AdR/mi_ws/src/dron_misil/install/dron_misil/lib/python3.10/site-packages:${PYTHONPATH} /usr/bin/python3 -W ignore:setup.py install is deprecated -W ignore:easy_install command is deprecated setup.py egg_info --egg-base build/dron_misil build --build-base /home/student/AdR/mi_ws/src/dron_misil/build/dron_misil/build install --record /home/student/AdR/mi_ws/src/dron_misil/build/dron_misil/install.log --single-version-externally-managed install_data
