[0.099s] DEBUG:colcon:Command line arguments: ['/usr/bin/colcon', 'build']
[0.099s] DEBUG:colcon:Parsed command line arguments: Namespace(log_base=None, log_level=None, verb_name='build', build_base='build', install_base='install', merge_install=False, symlink_install=False, test_result_base=None, continue_on_error=False, executor='parallel', parallel_workers=16, event_handlers=None, ignore_user_meta=False, metas=['./colcon.meta'], base_paths=['.'], packages_ignore=None, packages_ignore_regex=None, paths=None, packages_up_to=None, packages_up_to_regex=None, packages_above=None, packages_above_and_dependencies=None, packages_above_depth=None, packages_select_by_dep=None, packages_skip_by_dep=None, packages_skip_up_to=None, packages_select_build_failed=False, packages_skip_build_finished=False, packages_select_test_failures=False, packages_skip_test_passed=False, packages_select=None, packages_skip=None, packages_select_regex=None, packages_skip_regex=None, packages_start=None, packages_end=None, cmake_args=None, cmake_target=None, cmake_target_skip_unavailable=False, cmake_clean_cache=False, cmake_clean_first=False, cmake_force_configure=False, ament_cmake_args=None, catkin_cmake_args=None, catkin_skip_building_tests=False, mixin_files=None, mixin=None, verb_parser=<colcon_mixin.mixin.mixin_argument.MixinArgumentDecorator object at 0x7f629889c130>, verb_extension=<colcon_core.verb.build.BuildVerb object at 0x7f6298a2d030>, main=<bound method BuildVerb.main of <colcon_core.verb.build.BuildVerb object at 0x7f6298a2d030>>, mixin_verb=('build',))
[0.229s] Level 1:colcon.colcon_core.package_discovery:discover_packages(colcon_meta) check parameters
[0.229s] Level 1:colcon.colcon_core.package_discovery:discover_packages(recursive) check parameters
[0.229s] Level 1:colcon.colcon_core.package_discovery:discover_packages(ignore) check parameters
[0.229s] Level 1:colcon.colcon_core.package_discovery:discover_packages(path) check parameters
[0.229s] Level 1:colcon.colcon_core.package_discovery:discover_packages(colcon_meta) discover
[0.229s] Level 1:colcon.colcon_core.package_discovery:discover_packages(recursive) discover
[0.229s] INFO:colcon.colcon_core.package_discovery:Crawling recursively for packages in '/home/student/AdR/mi_ws/src/dron_misil'
[0.229s] Level 1:colcon.colcon_core.package_identification:_identify(.) by extensions ['ignore', 'ignore_ament_install']
[0.229s] Level 1:colcon.colcon_core.package_identification:_identify(.) by extension 'ignore'
[0.230s] Level 1:colcon.colcon_core.package_identification:_identify(.) by extension 'ignore_ament_install'
[0.230s] Level 1:colcon.colcon_core.package_identification:_identify(.) by extensions ['colcon_pkg']
[0.230s] Level 1:colcon.colcon_core.package_identification:_identify(.) by extension 'colcon_pkg'
[0.230s] Level 1:colcon.colcon_core.package_identification:_identify(.) by extensions ['colcon_meta']
[0.230s] Level 1:colcon.colcon_core.package_identification:_identify(.) by extension 'colcon_meta'
[0.230s] Level 1:colcon.colcon_core.package_identification:_identify(.) by extensions ['ros']
[0.230s] Level 1:colcon.colcon_core.package_identification:_identify(.) by extension 'ros'
[0.243s] DEBUG:colcon.colcon_core.package_identification:Package '.' with type 'ros.ament_python' and name 'dron_misil'
[0.243s] Level 1:colcon.colcon_core.package_discovery:discover_packages(recursive) using defaults
[0.243s] Level 1:colcon.colcon_core.package_discovery:discover_packages(ignore) discover
[0.243s] Level 1:colcon.colcon_core.package_discovery:discover_packages(ignore) using defaults
[0.243s] Level 1:colcon.colcon_core.package_discovery:discover_packages(path) discover
[0.243s] Level 1:colcon.colcon_core.package_discovery:discover_packages(path) using defaults
[0.262s] Level 5:colcon.colcon_core.verb:set package 'dron_misil' build argument 'cmake_args' from command line to 'None'
[0.262s] Level 5:colcon.colcon_core.verb:set package 'dron_misil' build argument 'cmake_target' from command line to 'None'
[0.262s] Level 5:colcon.colcon_core.verb:set package 'dron_misil' build argument 'cmake_target_skip_unavailable' from command line to 'False'
[0.262s] Level 5:colcon.colcon_core.verb:set package 'dron_misil' build argument 'cmake_clean_cache' from command line to 'False'
[0.262s] Level 5:colcon.colcon_core.verb:set package 'dron_misil' build argument 'cmake_clean_first' from command line to 'False'
[0.262s] Level 5:colcon.colcon_core.verb:set package 'dron_misil' build argument 'cmake_force_configure' from command line to 'False'
[0.262s] Level 5:colcon.colcon_core.verb:set package 'dron_misil' build argument 'ament_cmake_args' from command line to 'None'
[0.263s] Level 5:colcon.colcon_core.verb:set package 'dron_misil' build argument 'catkin_cmake_args' from command line to 'None'
[0.263s] Level 5:colcon.colcon_core.verb:set package 'dron_misil' build argument 'catkin_skip_building_tests' from command line to 'False'
[0.263s] DEBUG:colcon.colcon_core.verb:Building package 'dron_misil' with the following arguments: {'ament_cmake_args': None, 'build_base': '/home/student/AdR/mi_ws/src/dron_misil/build/dron_misil', 'catkin_cmake_args': None, 'catkin_skip_building_tests': False, 'cmake_args': None, 'cmake_clean_cache': False, 'cmake_clean_first': False, 'cmake_force_configure': False, 'cmake_target': None, 'cmake_target_skip_unavailable': False, 'install_base': '/home/student/AdR/mi_ws/src/dron_misil/install/dron_misil', 'merge_install': False, 'path': '/home/student/AdR/mi_ws/src/dron_misil', 'symlink_install': False, 'test_result_base': None}
[0.263s] INFO:colcon.colcon_core.executor:Executing jobs using 'parallel' executor
[0.264s] DEBUG:colcon.colcon_parallel_executor.executor.parallel:run_until_complete
[0.264s] INFO:colcon.colcon_ros.task.ament_python.build:Building ROS package in '/home/student/AdR/mi_ws/src/dron_misil' with build type 'ament_python'
[0.265s] Level 1:colcon.colcon_core.shell:create_environment_hook('dron_misil', 'ament_prefix_path')
[0.266s] INFO:colcon.colcon_core.plugin_system:Skipping extension 'colcon_core.shell.bat': Not used on non-Windows systems
[0.267s] INFO:colcon.colcon_core.shell:Creating environment hook '/home/student/AdR/mi_ws/src/dron_misil/install/dron_misil/share/dron_misil/hook/ament_prefix_path.ps1'
[0.268s] INFO:colcon.colcon_core.shell:Creating environment descriptor '/home/student/AdR/mi_ws/src/dron_misil/install/dron_misil/share/dron_misil/hook/ament_prefix_path.dsv'
[0.268s] INFO:colcon.colcon_core.shell:Creating environment hook '/home/student/AdR/mi_ws/src/dron_misil/install/dron_misil/share/dron_misil/hook/ament_prefix_path.sh'
[0.269s] INFO:colcon.colcon_core.shell:Skip shell extension 'powershell' for command environment: Not usable outside of PowerShell
[0.269s] DEBUG:colcon.colcon_core.shell:Skip shell extension 'dsv' for command environment
[0.493s] WARNING:colcon.colcon_ros.task.ament_python.build:Package 'dron_misil' doesn't explicitly install a marker in the package index (colcon-ros currently does it implicitly but that fallback will be removed in the future)
[0.494s] INFO:colcon.colcon_core.task.python.build:Building Python package in '/home/student/AdR/mi_ws/src/dron_misil'
[0.494s] INFO:colcon.colcon_core.shell:Skip shell extension 'powershell' for command environment: Not usable outside of PowerShell
[0.494s] DEBUG:colcon.colcon_core.shell:Skip shell extension 'dsv' for command environment
[0.802s] DEBUG:colcon.colcon_core.event_handler.log_command:Invoking command in '/home/student/AdR/mi_ws/src/dron_misil': PYTHONPATH=/home/student/AdR/mi_ws/src/dron_misil/build/dron_misil/prefix_override:/usr/lib/python3/dist-packages/colcon_core/task/python/colcon_distutils_commands:/home/student/AdR/mi_ws/src/dron_misil/install/dron_misil/lib/python3.10/site-packages:${PYTHONPATH} /usr/bin/python3 -W ignore:setup.py install is deprecated -W ignore:easy_install command is deprecated setup.py egg_info --egg-base build/dron_misil build --build-base /home/student/AdR/mi_ws/src/dron_misil/build/dron_misil/build install --record /home/student/AdR/mi_ws/src/dron_misil/build/dron_misil/install.log --single-version-externally-managed install_data
[1.049s] DEBUG:colcon.colcon_core.event_handler.log_command:Invoked command in '/home/student/AdR/mi_ws/src/dron_misil' returned '0': PYTHONPATH=/home/student/AdR/mi_ws/src/dron_misil/build/dron_misil/prefix_override:/usr/lib/python3/dist-packages/colcon_core/task/python/colcon_distutils_commands:/home/student/AdR/mi_ws/src/dron_misil/install/dron_misil/lib/python3.10/site-packages:${PYTHONPATH} /usr/bin/python3 -W ignore:setup.py install is deprecated -W ignore:easy_install command is deprecated setup.py egg_info --egg-base build/dron_misil build --build-base /home/student/AdR/mi_ws/src/dron_misil/build/dron_misil/build install --record /home/student/AdR/mi_ws/src/dron_misil/build/dron_misil/install.log --single-version-externally-managed install_data
[1.051s] Level 1:colcon.colcon_core.environment:checking '/home/student/AdR/mi_ws/src/dron_misil/install/dron_misil' for CMake module files
[1.052s] Level 1:colcon.colcon_core.environment:checking '/home/student/AdR/mi_ws/src/dron_misil/install/dron_misil' for CMake config files
[1.053s] Level 1:colcon.colcon_core.environment:checking '/home/student/AdR/mi_ws/src/dron_misil/install/dron_misil/lib'
[1.053s] Level 1:colcon.colcon_core.environment:checking '/home/student/AdR/mi_ws/src/dron_misil/install/dron_misil/bin'
[1.053s] Level 1:colcon.colcon_core.environment:checking '/home/student/AdR/mi_ws/src/dron_misil/install/dron_misil/lib/pkgconfig/dron_misil.pc'
[1.053s] Level 1:colcon.colcon_core.environment:checking '/home/student/AdR/mi_ws/src/dron_misil/install/dron_misil/lib/python3.10/site-packages'
[1.053s] Level 1:colcon.colcon_core.shell:create_environment_hook('dron_misil', 'pythonpath')
[1.053s] INFO:colcon.colcon_core.shell:Creating environment hook '/home/student/AdR/mi_ws/src/dron_misil/install/dron_misil/share/dron_misil/hook/pythonpath.ps1'
[1.054s] INFO:colcon.colcon_core.shell:Creating environment descriptor '/home/student/AdR/mi_ws/src/dron_misil/install/dron_misil/share/dron_misil/hook/pythonpath.dsv'
[1.054s] INFO:colcon.colcon_core.shell:Creating environment hook '/home/student/AdR/mi_ws/src/dron_misil/install/dron_misil/share/dron_misil/hook/pythonpath.sh'
[1.055s] Level 1:colcon.colcon_core.environment:checking '/home/student/AdR/mi_ws/src/dron_misil/install/dron_misil/bin'
[1.055s] Level 1:colcon.colcon_core.environment:create_environment_scripts_only(dron_misil)
[1.055s] INFO:colcon.colcon_core.shell:Creating package script '/home/student/AdR/mi_ws/src/dron_misil/install/dron_misil/share/dron_misil/package.ps1'
[1.056s] INFO:colcon.colcon_core.shell:Creating package descriptor '/home/student/AdR/mi_ws/src/dron_misil/install/dron_misil/share/dron_misil/package.dsv'
[1.057s] INFO:colcon.colcon_core.shell:Creating package script '/home/student/AdR/mi_ws/src/dron_misil/install/dron_misil/share/dron_misil/package.sh'
[1.058s] INFO:colcon.colcon_core.shell:Creating package script '/home/student/AdR/mi_ws/src/dron_misil/install/dron_misil/share/dron_misil/package.bash'
[1.058s] INFO:colcon.colcon_core.shell:Creating package script '/home/student/AdR/mi_ws/src/dron_misil/install/dron_misil/share/dron_misil/package.zsh'
[1.059s] Level 1:colcon.colcon_core.environment:create_file_with_runtime_dependencies(/home/student/AdR/mi_ws/src/dron_misil/install/dron_misil/share/colcon-core/packages/dron_misil)
[1.059s] DEBUG:colcon.colcon_parallel_executor.executor.parallel:closing loop
[1.060s] DEBUG:colcon.colcon_parallel_executor.executor.parallel:loop closed
[1.060s] DEBUG:colcon.colcon_parallel_executor.executor.parallel:run_until_complete finished with '0'
[1.060s] DEBUG:colcon.colcon_core.event_reactor:joining thread
[1.075s] INFO:colcon.colcon_core.plugin_system:Skipping extension 'colcon_notification.desktop_notification.terminal_notifier': Not used on non-Darwin systems
[1.075s] INFO:colcon.colcon_core.plugin_system:Skipping extension 'colcon_notification.desktop_notification.win32': Not used on non-Windows systems
[1.075s] INFO:colcon.colcon_notification.desktop_notification:Sending desktop notification using 'notify2'
[1.077s] DEBUG:colcon.colcon_notification.desktop_notification.notify2:Failed to initialize notify2: org.freedesktop.DBus.Error.Spawn.ExecFailed: /usr/bin/dbus-launch terminated abnormally without any error message
[1.077s] DEBUG:colcon.colcon_core.event_reactor:joined thread
[1.078s] INFO:colcon.colcon_core.shell:Creating prefix script '/home/student/AdR/mi_ws/src/dron_misil/install/local_setup.ps1'
[1.079s] INFO:colcon.colcon_core.shell:Creating prefix util module '/home/student/AdR/mi_ws/src/dron_misil/install/_local_setup_util_ps1.py'
[1.080s] INFO:colcon.colcon_core.shell:Creating prefix chain script '/home/student/AdR/mi_ws/src/dron_misil/install/setup.ps1'
[1.081s] INFO:colcon.colcon_core.shell:Creating prefix script '/home/student/AdR/mi_ws/src/dron_misil/install/local_setup.sh'
[1.082s] INFO:colcon.colcon_core.shell:Creating prefix util module '/home/student/AdR/mi_ws/src/dron_misil/install/_local_setup_util_sh.py'
[1.082s] INFO:colcon.colcon_core.shell:Creating prefix chain script '/home/student/AdR/mi_ws/src/dron_misil/install/setup.sh'
[1.083s] INFO:colcon.colcon_core.shell:Creating prefix script '/home/student/AdR/mi_ws/src/dron_misil/install/local_setup.bash'
[1.084s] INFO:colcon.colcon_core.shell:Creating prefix chain script '/home/student/AdR/mi_ws/src/dron_misil/install/setup.bash'
[1.085s] INFO:colcon.colcon_core.shell:Creating prefix script '/home/student/AdR/mi_ws/src/dron_misil/install/local_setup.zsh'
[1.085s] INFO:colcon.colcon_core.shell:Creating prefix chain script '/home/student/AdR/mi_ws/src/dron_misil/install/setup.zsh'
