/home/student/AdR/mi_ws/src/dron_misil/install/dron_misil/lib/python3.10/site-packages/dron_misil/simulacion_dron_misil.py
/home/student/AdR/mi_ws/src/dron_misil/install/dron_misil/lib/python3.10/site-packages/dron_misil/modelo_dron.py
/home/student/AdR/mi_ws/src/dron_misil/install/dron_misil/lib/python3.10/site-packages/dron_misil/modelo_misil.py
/home/student/AdR/mi_ws/src/dron_misil/install/dron_misil/lib/python3.10/site-packages/dron_misil/__init__.py
/home/student/AdR/mi_ws/src/dron_misil/install/dron_misil/lib/python3.10/site-packages/dron_misil/entorno.py
/home/student/AdR/mi_ws/src/dron_misil/install/dron_misil/lib/python3.10/site-packages/dron_misil/__pycache__/simulacion_dron_misil.cpython-310.pyc
/home/student/AdR/mi_ws/src/dron_misil/install/dron_misil/lib/python3.10/site-packages/dron_misil/__pycache__/modelo_dron.cpython-310.pyc
/home/student/AdR/mi_ws/src/dron_misil/install/dron_misil/lib/python3.10/site-packages/dron_misil/__pycache__/modelo_misil.cpython-310.pyc
/home/student/AdR/mi_ws/src/dron_misil/install/dron_misil/lib/python3.10/site-packages/dron_misil/__pycache__/__init__.cpython-310.pyc
/home/student/AdR/mi_ws/src/dron_misil/install/dron_misil/lib/python3.10/site-packages/dron_misil/__pycache__/entorno.cpython-310.pyc
/home/student/AdR/mi_ws/src/dron_misil/install/dron_misil/share/ament_index/resource_index/packagetype/dron_misil
/home/student/AdR/mi_ws/src/dron_misil/install/dron_misil/share/dron_misil/package.xml
/home/student/AdR/mi_ws/src/dron_misil/install/dron_misil/share/dron_misil/launch/dron_misil_launch.py
/home/student/AdR/mi_ws/src/dron_misil/install/dron_misil/lib/python3.10/site-packages/dron_misil-0.0.0-py3.10.egg-info/PKG-INFO
/home/student/AdR/mi_ws/src/dron_misil/install/dron_misil/lib/python3.10/site-packages/dron_misil-0.0.0-py3.10.egg-info/entry_points.txt
/home/student/AdR/mi_ws/src/dron_misil/install/dron_misil/lib/python3.10/site-packages/dron_misil-0.0.0-py3.10.egg-info/zip-safe
/home/student/AdR/mi_ws/src/dron_misil/install/dron_misil/lib/python3.10/site-packages/dron_misil-0.0.0-py3.10.egg-info/dependency_links.txt
/home/student/AdR/mi_ws/src/dron_misil/install/dron_misil/lib/python3.10/site-packages/dron_misil-0.0.0-py3.10.egg-info/requires.txt
/home/student/AdR/mi_ws/src/dron_misil/install/dron_misil/lib/python3.10/site-packages/dron_misil-0.0.0-py3.10.egg-info/top_level.txt
/home/student/AdR/mi_ws/src/dron_misil/install/dron_misil/lib/python3.10/site-packages/dron_misil-0.0.0-py3.10.egg-info/SOURCES.txt
/home/student/AdR/mi_ws/src/dron_misil/install/dron_misil/lib/dron_misil/entorno
/home/student/AdR/mi_ws/src/dron_misil/install/dron_misil/lib/dron_misil/modelo_dron
/home/student/AdR/mi_ws/src/dron_misil/install/dron_misil/lib/dron_misil/modelo_misil
