[0.537s] Invoking command in '/home/student/AdR/mi_ws/src/dron_misil': PYTHONPATH=/home/student/AdR/mi_ws/src/dron_misil/build/dron_misil/prefix_override:/usr/lib/python3/dist-packages/colcon_core/task/python/colcon_distutils_commands:/home/student/AdR/mi_ws/src/dron_misil/install/dron_misil/lib/python3.10/site-packages:${PYTHONPATH} /usr/bin/python3 -W ignore:setup.py install is deprecated -W ignore:easy_install command is deprecated setup.py egg_info --egg-base build/dron_misil build --build-base /home/student/AdR/mi_ws/src/dron_misil/build/dron_misil/build install --record /home/student/AdR/mi_ws/src/dron_misil/build/dron_misil/install.log --single-version-externally-managed install_data
[0.733s] running egg_info
[0.734s] writing build/dron_misil/dron_misil.egg-info/PKG-INFO
[0.734s] writing dependency_links to build/dron_misil/dron_misil.egg-info/dependency_links.txt
[0.734s] writing entry points to build/dron_misil/dron_misil.egg-info/entry_points.txt
[0.734s] writing requirements to build/dron_misil/dron_misil.egg-info/requires.txt
[0.734s] writing top-level names to build/dron_misil/dron_misil.egg-info/top_level.txt
[0.736s] reading manifest file 'build/dron_misil/dron_misil.egg-info/SOURCES.txt'
[0.737s] writing manifest file 'build/dron_misil/dron_misil.egg-info/SOURCES.txt'
[0.737s] running build
[0.738s] running build_py
[0.738s] running install
[0.738s] running install_lib
[0.740s] running install_data
[0.740s] running install_egg_info
[0.742s] removing '/home/student/AdR/mi_ws/src/dron_misil/install/dron_misil/lib/python3.10/site-packages/dron_misil-0.0.0-py3.10.egg-info' (and everything under it)
[0.742s] Copying build/dron_misil/dron_misil.egg-info to /home/student/AdR/mi_ws/src/dron_misil/install/dron_misil/lib/python3.10/site-packages/dron_misil-0.0.0-py3.10.egg-info
[0.743s] running install_scripts
[0.763s] Installing entorno script to /home/student/AdR/mi_ws/src/dron_misil/install/dron_misil/lib/dron_misil
[0.763s] Installing modelo_dron script to /home/student/AdR/mi_ws/src/dron_misil/install/dron_misil/lib/dron_misil
[0.764s] Installing modelo_misil script to /home/student/AdR/mi_ws/src/dron_misil/install/dron_misil/lib/dron_misil
[0.764s] writing list of installed files to '/home/student/AdR/mi_ws/src/dron_misil/build/dron_misil/install.log'
[0.784s] Invoked command in '/home/student/AdR/mi_ws/src/dron_misil' returned '0': PYTHONPATH=/home/student/AdR/mi_ws/src/dron_misil/build/dron_misil/prefix_override:/usr/lib/python3/dist-packages/colcon_core/task/python/colcon_distutils_commands:/home/student/AdR/mi_ws/src/dron_misil/install/dron_misil/lib/python3.10/site-packages:${PYTHONPATH} /usr/bin/python3 -W ignore:setup.py install is deprecated -W ignore:easy_install command is deprecated setup.py egg_info --egg-base build/dron_misil build --build-base /home/student/AdR/mi_ws/src/dron_misil/build/dron_misil/build install --record /home/student/AdR/mi_ws/src/dron_misil/build/dron_misil/install.log --single-version-externally-managed install_data
